<?xml version="1.0" encoding="UTF-8"?><testsuite name="nosetests" tests="14" errors="0" failures="0" skip="0"><testcase classname="test_map_registry.MapRegistryTests" name="test_existing_registered_map_can_be_selected_without_overwrite" time="0.005"></testcase><testcase classname="test_map_registry.MapRegistryTests" name="test_imports_complete_map_bundle_and_returns_canonical_paths" time="0.003"></testcase><testcase classname="test_map_registry.MapRegistryTests" name="test_rejects_incomplete_or_ambiguous_bundle" time="0.002"></testcase><testcase classname="test_map_registry.MapRegistryTests" name="test_rejects_path_traversal_and_invalid_map_ids" time="0.001"></testcase><testcase classname="test_map_registry.MapRegistryTests" name="test_yaml_image_must_exist_inside_bundle" time="0.002"></testcase><testcase classname="test_quality_gate.LocalizationQualityGateTests" name="test_bad_result_resets_confirmation_count" time="0.000"></testcase><testcase classname="test_quality_gate.LocalizationQualityGateTests" name="test_rejects_high_rmse_and_non_finite_values" time="0.000"></testcase><testcase classname="test_quality_gate.LocalizationQualityGateTests" name="test_requires_two_consecutive_good_results" time="0.000"></testcase><testcase classname="test_ros_contracts.LocalizationRosContractTests" name="test_global_relocalizer_uses_fpfh_ransac_then_icp_and_quality_gate" time="0.000"></testcase><testcase classname="test_ros_contracts.LocalizationRosContractTests" name="test_localization_launch_uses_tf_owner_and_sixty_second_default" time="0.000"></testcase><testcase classname="test_ros_contracts.LocalizationRosContractTests" name="test_map_manager_exposes_typed_load_service_and_map_server" time="0.000"></testcase><testcase classname="test_ros_contracts.LocalizationRosContractTests" name="test_map_registry_is_importable_from_devel_python_path" time="0.069"></testcase><testcase classname="test_ros_contracts.LocalizationRosContractTests" name="test_open3d_location_is_configurable_not_hardcoded" time="0.001"></testcase><testcase classname="test_ros_contracts.LocalizationRosContractTests" name="test_world_tf_has_one_dedicated_authority" time="0.000"></testcase></testsuite>