<?xml version="1.0" encoding="UTF-8"?><testsuite name="nosetests" tests="18" errors="0" failures="0" skip="0"><testcase classname="test_controller.ControllerTests" name="test_conflicting_request_id_is_rejected_without_side_effect" time="0.002"></testcase><testcase classname="test_controller.ControllerTests" name="test_mission_status_maps_to_progress_and_terminal_feedback" time="0.001"></testcase><testcase classname="test_controller.ControllerTests" name="test_prepare_submits_once_and_replays_duplicate_feedback" time="0.001"></testcase><testcase classname="test_controller.ControllerTests" name="test_schedule_starts_only_after_due_time" time="0.001"></testcase><testcase classname="test_controller.ControllerTests" name="test_stop_invalidates_scheduled_start_and_unload_clears_task" time="0.001"></testcase><testcase classname="test_core.CoreTests" name="test_new_generation_invalidates_a_stale_scheduled_start" time="0.000"></testcase><testcase classname="test_core.CoreTests" name="test_request_cache_replays_same_request_and_rejects_conflicting_reuse" time="0.000"></testcase><testcase classname="test_core.CoreTests" name="test_schedule_requires_the_current_prepared_identity" time="0.000"></testcase><testcase classname="test_core.CoreTests" name="test_unload_clears_prepared_task_and_invalidates_generation" time="0.000"></testcase><testcase classname="test_ros_contract.RosContractTests" name="test_cmake_installs_node_and_python_package" time="0.000"></testcase><testcase classname="test_ros_contract.RosContractTests" name="test_launch_is_passive_and_configures_bounded_waits" time="0.000"></testcase><testcase classname="test_ros_contract.RosContractTests" name="test_node_uses_fixed_ccs_topics_and_supervised_ground_air_services" time="0.000"></testcase><testcase classname="test_ros_contract.RosContractTests" name="test_package_declares_only_required_ros_dependencies" time="0.000"></testcase><testcase classname="test_trajectory.TrajectoryTests" name="test_coincident_points_keep_the_last_defined_heading" time="0.001"></testcase><testcase classname="test_trajectory.TrajectoryTests" name="test_loads_valid_ccs_xml_and_generates_segment_headings" time="0.001"></testcase><testcase classname="test_trajectory.TrajectoryTests" name="test_rejects_identity_frame_map_revision_and_count_mismatches" time="0.003"></testcase><testcase classname="test_trajectory.TrajectoryTests" name="test_rejects_nonfinite_coordinates_and_noncontiguous_indices" time="0.002"></testcase><testcase classname="test_trajectory.TrajectoryTests" name="test_rejects_paths_outside_mission_root_and_symbolic_links" time="0.001"></testcase></testsuite>