<?xml version="1.0" encoding="UTF-8"?><testsuite name="nosetests" tests="22" errors="0" failures="0" skip="0"><testcase classname="tests.test_drone_mode_control.DroneModeControlTest" name="test_airborne_command_is_limited_and_holds_altitude" time="0.000"></testcase><testcase classname="tests.test_drone_mode_control.DroneModeControlTest" name="test_body_velocity_rotates_into_world_frame" time="0.000"></testcase><testcase classname="tests.test_drone_mode_control.DroneModeControlTest" name="test_command_is_ignored_before_takeoff" time="0.000"></testcase><testcase classname="tests.test_drone_mode_control.DroneModeControlTest" name="test_failed_landing_returns_to_airborne_state" time="0.000"></testcase><testcase classname="tests.test_drone_mode_control.DroneModeControlTest" name="test_failed_takeoff_returns_to_standby" time="0.000"></testcase><testcase classname="tests.test_drone_mode_control.DroneModeControlTest" name="test_quaternion_is_converted_to_yaw" time="0.000"></testcase><testcase classname="tests.test_drone_mode_control.DroneModeControlTest" name="test_timeout_stops_horizontal_and_yaw_but_keeps_altitude" time="0.000"></testcase><testcase classname="tests.test_drone_mode_package.DroneModePackageTest" name="test_bz_navigation_conditionally_starts_drone_mode" time="0.001"></testcase><testcase classname="tests.test_drone_mode_package.DroneModePackageTest" name="test_cmake_installs_drone_python_files" time="0.000"></testcase><testcase classname="tests.test_drone_mode_package.DroneModePackageTest" name="test_drone_node_contract" time="0.004"></testcase><testcase classname="tests.test_drone_mode_package.DroneModePackageTest" name="test_drone_node_serializes_state_transitions_and_velocity_publish" time="0.010"></testcase><testcase classname="tests.test_drone_mode_package.DroneModePackageTest" name="test_package_declares_drone_runtime_dependencies" time="0.000"></testcase><testcase classname="tests.test_drone_mode_package.DroneModePackageTest" name="test_px4_driver_exposes_yaw_rate_velocity_target" time="0.021"></testcase><testcase classname="tests.test_navigation_safety_config.NavigationSafetyConfigTests" name="test_costmaps_use_configured_square_vehicle_footprint" time="0.014"></testcase><testcase classname="tests.test_navigation_safety_config.NavigationSafetyConfigTests" name="test_global_and_local_costmaps_include_low_obstacles" time="0.009"></testcase><testcase classname="tests.test_navigation_safety_config.NavigationSafetyConfigTests" name="test_global_planner_stays_in_known_free_space" time="0.004"></testcase><testcase classname="tests.test_navigation_safety_config.NavigationSafetyConfigTests" name="test_launch_loads_global_planner_configuration" time="0.000"></testcase><testcase classname="tests.test_navigation_safety_config.NavigationSafetyConfigTests" name="test_local_costmap_rate_does_not_exceed_controller_rate" time="0.002"></testcase><testcase classname="tests.test_navigation_safety_config.NavigationSafetyConfigTests" name="test_predictive_dynamic_obstacles_wait_for_velocity_estimator" time="0.011"></testcase><testcase classname="tests.test_navigation_safety_config.NavigationSafetyConfigTests" name="test_teb_motion_bounds_exceed_optimizer_penalty_margin" time="0.011"></testcase><testcase classname="tests.test_navigation_safety_config.NavigationSafetyConfigTests" name="test_teb_stops_at_tight_goals_with_valid_angular_acceleration" time="0.011"></testcase><testcase classname="tests.test_navigation_safety_config.NavigationSafetyConfigTests" name="test_teb_uses_the_same_complete_vehicle_footprint" time="0.011"></testcase></testsuite>