<?xml version="1.0" encoding="UTF-8"?><testsuite name="nosetests" tests="4" errors="0" failures="0" skip="0"><testcase classname="test_mapping_package_contract.MappingPackageContractTests" name="test_bundle_is_canonical_atomic_and_non_overwriting" time="0.000"></testcase><testcase classname="test_mapping_package_contract.MappingPackageContractTests" name="test_mapping_launch_defaults_to_safe_limits" time="0.000"></testcase><testcase classname="test_mapping_package_contract.MappingPackageContractTests" name="test_package_contains_recorder_launch_and_voxel_core" time="0.000"></testcase><testcase classname="test_mapping_package_contract.MappingPackageContractTests" name="test_recorder_exposes_typed_services_and_status" time="0.000"></testcase></testsuite>