<?xml version="1.0" encoding="UTF-8"?><testsuite name="nosetests" tests="7" errors="0" failures="0" skip="0"><testcase classname="test_a8_mini_camera_core.CameraConfigTests" name="test_builds_a8_main_stream_url_from_ipv4_address" time="0.000"></testcase><testcase classname="test_a8_mini_camera_core.CameraConfigTests" name="test_rejects_invalid_camera_address" time="0.000"></testcase><testcase classname="test_a8_mini_camera_core.CameraConfigTests" name="test_rejects_non_absolute_image_topic" time="0.000"></testcase><testcase classname="test_a8_mini_camera_core.CameraConfigTests" name="test_rejects_non_positive_publish_rate" time="0.000"></testcase><testcase classname="test_a8_mini_camera_core.CameraConfigTests" name="test_validates_expected_defaults" time="0.000"></testcase><testcase classname="test_a8_mini_camera_core.ReconnectPolicyTests" name="test_delay_increases_to_bound_and_reset_restores_initial_delay" time="0.000"></testcase><testcase classname="test_a8_mini_camera_core.ReconnectPolicyTests" name="test_rejects_invalid_delay_bounds" time="0.000"></testcase></testsuite>