<?xml version="1.0" encoding="UTF-8"?><testsuite name="nosetests" tests="16" errors="0" failures="0" skip="0"><testcase classname="test_fastlio_odometry_adapter.FastlioOdometryAdapterTests" name="test_accepts_leading_slashes_in_fastlio_frames" time="0.113"></testcase><testcase classname="test_fastlio_odometry_adapter.FastlioOdometryAdapterTests" name="test_rejects_unexpected_child_frame" time="0.001"></testcase><testcase classname="test_fastlio_odometry_adapter.FastlioOdometryAdapterTests" name="test_rejects_unexpected_parent_frame" time="0.000"></testcase><testcase classname="test_fastlio_odometry_adapter.FastlioOdometryAdapterTests" name="test_rewrites_semantic_frames_and_preserves_measurement" time="0.001"></testcase><testcase classname="test_fastlio_px4_odometry_contract.FastlioPx4OdometryContractTests" name="test_adapter_is_installed_and_topic_tools_is_not_required" time="0.000"></testcase><testcase classname="test_fastlio_px4_odometry_contract.FastlioPx4OdometryContractTests" name="test_default_fcu_device_matches_the_connected_cuav" time="0.000"></testcase><testcase classname="test_fastlio_px4_odometry_contract.FastlioPx4OdometryContractTests" name="test_full_launch_adapts_fastlio_frames_for_mavros_odometry" time="0.000"></testcase><testcase classname="test_fastlio_px4_odometry_contract.FastlioPx4OdometryContractTests" name="test_manual_mapping_enables_single_px4_external_odometry_path" time="0.000"></testcase><testcase classname="test_full_launch_contract.FullLaunchContractTests" name="test_autonomy_can_start_localization_only_by_default" time="0.000"></testcase><testcase classname="test_full_launch_contract.FullLaunchContractTests" name="test_full_launch_contains_all_supervised_stages" time="0.000"></testcase><testcase classname="test_full_launch_contract.FullLaunchContractTests" name="test_historical_map_tf_has_a_single_owner" time="0.000"></testcase><testcase classname="test_full_launch_contract.FullLaunchContractTests" name="test_manual_mapping_disables_software_motion_and_starts_recorder" time="0.000"></testcase><testcase classname="test_full_launch_contract.FullLaunchContractTests" name="test_startup_never_invokes_takeoff_land_or_arming" time="0.000"></testcase><testcase classname="test_tf_tree_validation.TfTreeValidationTests" name="test_accepts_exact_target_chain" time="0.000"></testcase><testcase classname="test_tf_tree_validation.TfTreeValidationTests" name="test_exporter_invokes_view_frames_and_timestamp_artifacts" time="0.000"></testcase><testcase classname="test_tf_tree_validation.TfTreeValidationTests" name="test_rejects_duplicate_parent_missing_edge_and_odom" time="0.000"></testcase></testsuite>