<?xml version="1.0" encoding="UTF-8"?><testsuite name="nosetests" tests="38" errors="0" failures="0" skip="0"><testcase classname="test_fastlio_odometry_adapter.FastlioOdometryAdapterTests" name="test_accepts_leading_slashes_in_fastlio_frames" time="0.111"></testcase><testcase classname="test_fastlio_odometry_adapter.FastlioOdometryAdapterTests" name="test_rejects_unexpected_child_frame" time="0.001"></testcase><testcase classname="test_fastlio_odometry_adapter.FastlioOdometryAdapterTests" name="test_rejects_unexpected_parent_frame" time="0.000"></testcase><testcase classname="test_fastlio_odometry_adapter.FastlioOdometryAdapterTests" name="test_rewrites_semantic_frames_and_preserves_measurement" time="0.001"></testcase><testcase classname="test_fastlio_px4_odometry_contract.FastlioPx4OdometryContractTests" name="test_adapter_is_installed_and_topic_tools_is_not_required" time="0.000"></testcase><testcase classname="test_fastlio_px4_odometry_contract.FastlioPx4OdometryContractTests" name="test_default_fcu_device_matches_the_connected_cuav" time="0.000"></testcase><testcase classname="test_fastlio_px4_odometry_contract.FastlioPx4OdometryContractTests" name="test_mapping_uses_single_px4_external_odometry_path_without_base" time="0.000"></testcase><testcase classname="test_fastlio_px4_odometry_contract.FastlioPx4OdometryContractTests" name="test_shared_fastlio_pipeline_adapts_frames_for_mavros_odometry" time="0.000"></testcase><testcase classname="test_fastlio_topic_contract.FastlioTopicContractTests" name="test_fastlio_publishes_upstream_topic_names" time="0.000"></testcase><testcase classname="test_fastlio_topic_contract.FastlioTopicContractTests" name="test_runtime_consumers_do_not_depend_on_legacy_names" time="0.001"></testcase><testcase classname="test_fastlio_topic_contract.FastlioTopicContractTests" name="test_unrelated_control_and_visualization_topics_are_preserved" time="0.000"></testcase><testcase classname="test_full_launch_contract.FullLaunchContractTests" name="test_active_launches_remove_livox_frame" time="0.000"></testcase><testcase classname="test_full_launch_contract.FullLaunchContractTests" name="test_autonomy_can_start_localization_only_by_default" time="0.000"></testcase><testcase classname="test_full_launch_contract.FullLaunchContractTests" name="test_ccs_task_adapter_is_opt_in_and_passed_through_autonomy" time="0.000"></testcase><testcase classname="test_full_launch_contract.FullLaunchContractTests" name="test_full_launch_is_a_documented_compatibility_wrapper" time="0.000"></testcase><testcase classname="test_full_launch_contract.FullLaunchContractTests" name="test_localization_owns_map_odom_and_base_owns_static_alignment" time="0.000"></testcase><testcase classname="test_full_launch_contract.FullLaunchContractTests" name="test_manual_mapping_disables_software_motion_and_starts_recorder" time="0.000"></testcase><testcase classname="test_full_launch_contract.FullLaunchContractTests" name="test_navigation_uses_map_as_global_frame" time="0.000"></testcase><testcase classname="test_full_launch_contract.FullLaunchContractTests" name="test_startup_never_invokes_takeoff_land_or_arming" time="0.000"></testcase><testcase classname="test_ground_air_operation_core.GroundAirOperationCoreTests" name="test_map_id_is_required_for_start_and_relocalize" time="0.000"></testcase><testcase classname="test_ground_air_operation_core.GroundAirOperationCoreTests" name="test_relocalization_loads_map_before_registration" time="0.000"></testcase><testcase classname="test_ground_air_operation_core.GroundAirOperationCoreTests" name="test_relocalization_stops_when_map_load_fails" time="0.000"></testcase><testcase classname="test_ground_air_operation_core.GroundAirOperationCoreTests" name="test_save_mapping_calls_only_save" time="0.000"></testcase><testcase classname="test_ground_air_operation_core.GroundAirOperationCoreTests" name="test_start_mapping_forwards_map_id" time="0.000"></testcase><testcase classname="test_layered_launch_contract.LayeredLaunchContractTests" name="test_base_owns_lower_static_tf_without_duplicates" time="0.001"></testcase><testcase classname="test_layered_launch_contract.LayeredLaunchContractTests" name="test_base_starts_only_hardware_and_base_tf" time="0.000"></testcase><testcase classname="test_layered_launch_contract.LayeredLaunchContractTests" name="test_fastlio_pipeline_is_shared_only_by_mapping_and_relocalization" time="0.001"></testcase><testcase classname="test_layered_launch_contract.LayeredLaunchContractTests" name="test_manifest_declares_new_runtime_launch_dependencies" time="0.000"></testcase><testcase classname="test_layered_launch_contract.LayeredLaunchContractTests" name="test_mapping_owns_mapping_only_nodes" time="0.000"></testcase><testcase classname="test_layered_launch_contract.LayeredLaunchContractTests" name="test_relocalization_owns_localization_without_mapping_or_motion" time="0.000"></testcase><testcase classname="test_layered_launch_contract.LayeredLaunchContractTests" name="test_task_owns_navigation_control_mission_and_optional_ccs" time="0.000"></testcase><testcase classname="test_operation_launch_contract.OperationLaunchContractTests" name="test_relocalization_launch_starts_relocalization_layer_without_motion" time="0.000"></testcase><testcase classname="test_operation_launch_contract.OperationLaunchContractTests" name="test_removed_platform_package_has_no_runtime_reference" time="0.001"></testcase><testcase classname="test_operation_launch_contract.OperationLaunchContractTests" name="test_save_mapping_launch_is_one_shot" time="0.000"></testcase><testcase classname="test_operation_launch_contract.OperationLaunchContractTests" name="test_start_mapping_launch_starts_mapping_layer_and_recording" time="0.000"></testcase><testcase classname="test_tf_tree_validation.TfTreeValidationTests" name="test_accepts_exact_target_chain" time="0.000"></testcase><testcase classname="test_tf_tree_validation.TfTreeValidationTests" name="test_exporter_invokes_view_frames_and_timestamp_artifacts" time="0.000"></testcase><testcase classname="test_tf_tree_validation.TfTreeValidationTests" name="test_rejects_duplicate_parent_missing_edge_and_forbidden_frames" time="0.000"></testcase></testsuite>